<?xml version="1.0" encoding="UTF-8"?>
<!-- Generated by org.testng.reporters.JUnitXMLReporter -->
<testsuite ignored="0" hostname="HYLCAPITAL4701" failures="0" tests="3" name="Test - Automation panda" time="0.03" errors="0" timestamp="2023-06-04T23:48:09 IST">
  <testcase classname="com.qa.testscripts.TestBase" name="@BeforeSuite setUp" time="-1.685902689434E9">
    <failure type="org.testng.TestNGException" message="
Parameter &amp;apos;Url&amp;apos; is required by BeforeSuite on method setUp but has not been marked @Optional or defined
in C:\Users\ABHILASHKE\eclipse-workspace\UseCase1\testng.xml">
      <![CDATA[org.testng.TestNGException: 
Parameter 'Url' is required by BeforeSuite on method setUp but has not been marked @Optional or defined
in C:\Users\ABHILASHKE\eclipse-workspace\UseCase1\testng.xml
... Removed 16 stack frames]]>
    </failure>
  </testcase> <!-- @BeforeSuite setUp -->
  <testcase classname="com.qa.testscripts.AutomationPandaScenario" name="verifyhometitle" time="0.0">
    <skipped/>
  </testcase> <!-- verifyhometitle -->
  <testcase classname="com.qa.testscripts.AutomationPandaScenario" name="verifycontacttitle" time="0.0">
    <skipped/>
  </testcase> <!-- verifycontacttitle -->
  <testcase classname="com.qa.testscripts.AutomationPandaScenario" name="checkmessagesent" time="0.0">
    <skipped/>
  </testcase> <!-- checkmessagesent -->
</testsuite> <!-- Test - Automation panda -->
