<?xml version="1.0" encoding="UTF-8"?>
<!-- Generated by org.testng.reporters.JUnitReportReporter -->
<testsuite hostname="HYLCAPITAL4701" failures="0" tests="3" name="com.qa.testscripts.FlipkartScenario" time="-1685902720.000" errors="1" timestamp="2023-06-04T23:48:09 IST" skipped="2">
  <testcase classname="com.qa.testscripts.FlipkartScenario" name="setUp" time="-1685902720.000">
    <error message="
Parameter &#039;Url&#039; is required by BeforeSuite on method setUp but has not been marked @Optional or defined
in C:\Users\ABHILASHKE\eclipse-workspace\UseCase1\testng.xml" type="org.testng.TestNGException">
      <![CDATA[org.testng.TestNGException: 
Parameter 'Url' is required by BeforeSuite on method setUp but has not been marked @Optional or defined
in C:\Users\ABHILASHKE\eclipse-workspace\UseCase1\testng.xml
at org.testng.internal.Parameters.createParams(Parameters.java:268)
at org.testng.internal.Parameters.createParametersForMethod(Parameters.java:356)
at org.testng.internal.Parameters.createParameters(Parameters.java:700)
at org.testng.internal.Parameters.createConfigurationParameters(Parameters.java:166)
at org.testng.internal.ConfigInvoker.invokeConfigurations(ConfigInvoker.java:301)
at org.testng.SuiteRunner.privateRun(SuiteRunner.java:327)
at org.testng.SuiteRunner.run(SuiteRunner.java:286)
at org.testng.SuiteRunnerWorker.runSuite(SuiteRunnerWorker.java:53)
at org.testng.SuiteRunnerWorker.run(SuiteRunnerWorker.java:96)
at org.testng.TestNG.runSuitesSequentially(TestNG.java:1218)
at org.testng.TestNG.runSuitesLocally(TestNG.java:1140)
at org.testng.TestNG.runSuites(TestNG.java:1069)
at org.testng.TestNG.run(TestNG.java:1037)
at org.testng.remote.AbstractRemoteTestNG.run(AbstractRemoteTestNG.java:115)
at org.testng.remote.RemoteTestNG.initAndRun(RemoteTestNG.java:251)
at org.testng.remote.RemoteTestNG.main(RemoteTestNG.java:77)
]]>
    </error>
  </testcase> <!-- setUp -->
  <system-out/>
  <testcase classname="com.qa.testscripts.FlipkartScenario" name="verifylogo" time="0.000">
    <skipped/>
  </testcase> <!-- verifylogo -->
  <system-out/>
  <testcase classname="com.qa.testscripts.FlipkartScenario" name="searchphone" time="0.000">
    <skipped/>
  </testcase> <!-- searchphone -->
  <system-out/>
</testsuite> <!-- com.qa.testscripts.FlipkartScenario -->
